<?xml version="1.0" encoding="UTF-8"?>
<!-- Generated by org.testng.reporters.JUnitXMLReporter -->
<testsuite ignored="3" hostname="HIS" failures="0" tests="1" name="Default test" time="162.557" errors="0" timestamp="2024-05-17T16:13:41 IST">
  <testcase classname="ketoTest.KetoTest" name="womenNonVegan" time="146.197"/>
  <testcase classname="ketoTest.KetoTest" name="MenNonVegTest" time="0.0">
    <ignored/>
  </testcase> <!-- MenNonVegTest -->
  <testcase classname="ketoTest.KetoTest" name="womenVegan" time="0.0">
    <ignored/>
  </testcase> <!-- womenVegan -->
  <testcase classname="ketoTest.KetoTest" name="ketoTestVegetarian" time="0.0">
    <ignored/>
  </testcase> <!-- ketoTestVegetarian -->
</testsuite> <!-- Default test -->
