<?xml version="1.0" encoding="UTF-8"?>
<!-- Generated by org.testng.reporters.JUnitXMLReporter -->
<testsuite ignored="3" hostname="HIS" failures="0" tests="1" name="Default test" time="185.131" errors="0" timestamp="2024-05-21T12:22:00 IST">
  <testcase classname="ketoTest.KetoTest" name="MenNonVegTest" time="164.652"/>
  <testcase classname="ketoTest.KetoTest" name="womenNonVegan" time="0.0">
    <ignored/>
  </testcase> <!-- womenNonVegan -->
  <testcase classname="ketoTest.KetoTest" name="womenVegan" time="0.0">
    <ignored/>
  </testcase> <!-- womenVegan -->
  <testcase classname="ketoTest.KetoTest" name="ketoTestVegetarian" time="0.0">
    <ignored/>
  </testcase> <!-- ketoTestVegetarian -->
</testsuite> <!-- Default test -->
