<?xml version="1.0" encoding="UTF-8"?>
<!-- Generated by org.testng.reporters.JUnitXMLReporter -->
<testsuite ignored="0" hostname="HIS" failures="0" tests="4" name="Test" time="204.626" errors="0" timestamp="2024-05-17T16:06:09 IST">
  <testcase classname="baseTest.BaseClassApp" name="@BeforeMethod popUp" time="29.587">
    <failure type="org.openqa.selenium.NoSuchElementException" message="An element could not be located on the page using the given search parameters.
For documentation on this error, please visit: https://www.selenium.dev/documentation/webdriver/troubleshooting/errors#no-such-element-exception
Build info: version: &amp;apos;4.21.0&amp;apos;, revision: &amp;apos;79ed462ef4&amp;apos;
System info: os.name: &amp;apos;Windows 11&amp;apos;, os.arch: &amp;apos;amd64&amp;apos;, os.version: &amp;apos;10.0&amp;apos;, java.version: &amp;apos;21.0.3&amp;apos;
Driver info: io.appium.java_client.android.AndroidDriver
Command: [ba630e26-cac7-4154-8c26-8a708bf86eae, findElement {value=//android.widget.Button[@resource-id=&amp;apos;com.android.permissioncontroller:id/permission_allow_button&amp;apos;], using=xpath}]
Capabilities {appium:app: C:\Users\vivek\git\Appium-K..., appium:appPackage: ketodietplan.carbmanager.ke..., appium:automationName: UIAutomator2, appium:databaseEnabled: false, appium:desired: {app: C:\Users\vivek\git\Appium-K..., automationName: UIAutomator2, deviceName: Android Device, platformName: ANDROID}, appium:deviceApiLevel: 34, appium:deviceManufacturer: Xiaomi, appium:deviceModel: 23076PC4BI, appium:deviceName: 76f571ebe33e, appium:deviceScreenDensity: 440, appium:deviceScreenSize: 1080x2460, appium:deviceUDID: 76f571ebe33e, appium:javascriptEnabled: true, appium:locationContextEnabled: false, appium:networkConnectionEnabled: true, appium:pixelRatio: 2.75, appium:platformVersion: 14, appium:statBarHeight: 104, appium:takesScreenshot: true, appium:viewportRect: {height: 2356, left: 0, top: 104, width: 1080}, appium:warnings: {}, appium:webStorageEnabled: false, platformName: ANDROID}
Session ID: ba630e26-cac7-4154-8c26-8a708bf86eae">
      <![CDATA[org.openqa.selenium.NoSuchElementException: An element could not be located on the page using the given search parameters.
For documentation on this error, please visit: https://www.selenium.dev/documentation/webdriver/troubleshooting/errors#no-such-element-exception
Build info: version: '4.21.0', revision: '79ed462ef4'
System info: os.name: 'Windows 11', os.arch: 'amd64', os.version: '10.0', java.version: '21.0.3'
Driver info: io.appium.java_client.android.AndroidDriver
Command: [ba630e26-cac7-4154-8c26-8a708bf86eae, findElement {value=//android.widget.Button[@resource-id='com.android.permissioncontroller:id/permission_allow_button'], using=xpath}]
Capabilities {appium:app: C:\Users\vivek\git\Appium-K..., appium:appPackage: ketodietplan.carbmanager.ke..., appium:automationName: UIAutomator2, appium:databaseEnabled: false, appium:desired: {app: C:\Users\vivek\git\Appium-K..., automationName: UIAutomator2, deviceName: Android Device, platformName: ANDROID}, appium:deviceApiLevel: 34, appium:deviceManufacturer: Xiaomi, appium:deviceModel: 23076PC4BI, appium:deviceName: 76f571ebe33e, appium:deviceScreenDensity: 440, appium:deviceScreenSize: 1080x2460, appium:deviceUDID: 76f571ebe33e, appium:javascriptEnabled: true, appium:locationContextEnabled: false, appium:networkConnectionEnabled: true, appium:pixelRatio: 2.75, appium:platformVersion: 14, appium:statBarHeight: 104, appium:takesScreenshot: true, appium:viewportRect: {height: 2356, left: 0, top: 104, width: 1080}, appium:warnings: {}, appium:webStorageEnabled: false, platformName: ANDROID}
Session ID: ba630e26-cac7-4154-8c26-8a708bf86eae
at org.openqa.selenium.remote.ErrorCodec.decode(ErrorCodec.java:167)
at org.openqa.selenium.remote.codec.w3c.W3CHttpResponseCodec.decode(W3CHttpResponseCodec.java:138)
at org.openqa.selenium.remote.codec.w3c.W3CHttpResponseCodec.decode(W3CHttpResponseCodec.java:50)
at org.openqa.selenium.remote.HttpCommandExecutor.execute(HttpCommandExecutor.java:190)
at io.appium.java_client.remote.AppiumCommandExecutor.execute(AppiumCommandExecutor.java:237)
at org.openqa.selenium.remote.RemoteWebDriver.execute(RemoteWebDriver.java:518)
at org.openqa.selenium.remote.ElementLocation$ElementFinder$2.findElement(ElementLocation.java:165)
at org.openqa.selenium.remote.ElementLocation.findElement(ElementLocation.java:59)
at org.openqa.selenium.remote.RemoteWebDriver.findElement(RemoteWebDriver.java:355)
at org.openqa.selenium.remote.RemoteWebDriver.findElement(RemoteWebDriver.java:349)
at baseTest.BaseClassApp.popUp(BaseClassApp.java:36)
at java.base/java.util.ArrayList.forEach(ArrayList.java:1596)
... Removed 32 stack frames]]>
    </failure>
  </testcase> <!-- @BeforeMethod popUp -->
  <testcase classname="baseTest.BaseClassApp" name="@AfterMethod tearDown" time="-1.715942169583E9">
    <skipped/>
  </testcase> <!-- @AfterMethod tearDown -->
  <testcase classname="baseTest.BaseClassApp" name="@BeforeMethod popUp" time="-1.715942169584E9">
    <skipped/>
  </testcase> <!-- @BeforeMethod popUp -->
  <testcase classname="baseTest.BaseClassApp" name="@AfterMethod tearDown" time="-1.715942169592E9">
    <skipped/>
  </testcase> <!-- @AfterMethod tearDown -->
  <testcase classname="baseTest.BaseClassApp" name="@BeforeMethod popUp" time="-1.715942169593E9">
    <skipped/>
  </testcase> <!-- @BeforeMethod popUp -->
  <testcase classname="baseTest.BaseClassApp" name="@AfterMethod tearDown" time="-1.715942169599E9">
    <skipped/>
  </testcase> <!-- @AfterMethod tearDown -->
  <testcase classname="ketoTest.KetoTest" name="MenNonVegTest" time="155.421"/>
  <testcase classname="ketoTest.KetoTest" name="ketoTestVegetarian" time="0.0">
    <skipped/>
  </testcase> <!-- ketoTestVegetarian -->
  <testcase classname="ketoTest.KetoTest" name="womenNonVegan" time="0.0">
    <skipped/>
  </testcase> <!-- womenNonVegan -->
  <testcase classname="ketoTest.KetoTest" name="womenVegan" time="0.0">
    <skipped/>
  </testcase> <!-- womenVegan -->
</testsuite> <!-- Test -->
