<?xml version="1.0" encoding="UTF-8"?>
<testng-results ignored="3" total="4" passed="1" failed="0" skipped="0">
  <reporter-output>
  </reporter-output>
  <suite started-at="2024-05-21T12:18:54 IST" name="Default suite" finished-at="2024-05-21T12:22:00 IST" duration-ms="185131">
    <groups>
    </groups>
    <test started-at="2024-05-21T12:18:54 IST" name="Default test" finished-at="2024-05-21T12:22:00 IST" duration-ms="185131">
      <class name="ketoTest.KetoTest">
        <test-method is-config="true" signature="popUp()[pri:0, instance:ketoTest.KetoTest@7c7b252e]" started-at="2024-05-21T12:18:54 IST" name="popUp" finished-at="2024-05-21T12:19:14 IST" duration-ms="19912" status="PASS">
          <reporter-output>
          </reporter-output>
        </test-method> <!-- popUp -->
        <test-method signature="MenNonVegTest()[pri:0, instance:ketoTest.KetoTest@7c7b252e]" started-at="2024-05-21T12:19:14 IST" name="MenNonVegTest" finished-at="2024-05-21T12:21:59 IST" duration-ms="164652" status="PASS">
          <reporter-output>
          </reporter-output>
        </test-method> <!-- MenNonVegTest -->
        <test-method is-config="true" signature="tearDown()[pri:0, instance:ketoTest.KetoTest@7c7b252e]" started-at="2024-05-21T12:21:59 IST" name="tearDown" finished-at="2024-05-21T12:22:00 IST" duration-ms="515" status="PASS">
          <reporter-output>
          </reporter-output>
        </test-method> <!-- tearDown -->
      </class> <!-- ketoTest.KetoTest -->
    </test> <!-- Default test -->
  </suite> <!-- Default suite -->
</testng-results>
