<?xml version="1.0" encoding="UTF-8"?>
<testng-results ignored="3" total="4" passed="1" failed="0" skipped="0">
  <reporter-output>
  </reporter-output>
  <suite started-at="2024-05-17T16:10:59 IST" name="Default suite" finished-at="2024-05-17T16:13:41 IST" duration-ms="162557">
    <groups>
    </groups>
    <test started-at="2024-05-17T16:10:59 IST" name="Default test" finished-at="2024-05-17T16:13:41 IST" duration-ms="162557">
      <class name="ketoTest.KetoTest">
        <test-method is-config="true" signature="popUp()[pri:0, instance:ketoTest.KetoTest@7c7b252e]" started-at="2024-05-17T16:10:59 IST" name="popUp" finished-at="2024-05-17T16:11:15 IST" duration-ms="15731" status="PASS">
          <reporter-output>
          </reporter-output>
        </test-method> <!-- popUp -->
        <test-method signature="womenNonVegan()[pri:0, instance:ketoTest.KetoTest@7c7b252e]" started-at="2024-05-17T16:11:15 IST" name="womenNonVegan" finished-at="2024-05-17T16:13:41 IST" duration-ms="146197" status="PASS">
          <reporter-output>
          </reporter-output>
        </test-method> <!-- womenNonVegan -->
        <test-method is-config="true" signature="tearDown()[pri:0, instance:ketoTest.KetoTest@7c7b252e]" started-at="2024-05-17T16:13:41 IST" name="tearDown" finished-at="2024-05-17T16:13:41 IST" duration-ms="583" status="PASS">
          <reporter-output>
          </reporter-output>
        </test-method> <!-- tearDown -->
      </class> <!-- ketoTest.KetoTest -->
    </test> <!-- Default test -->
  </suite> <!-- Default suite -->
</testng-results>
